-------------------------------------------------------------------------------
NGINX Ingress controller
  Release:       v1.9.3
  Build:         be93503b57a0ba2ea2e0631031541ca07515913a
  Repository:    https://github.com/kubernetes/ingress-nginx
  nginx version: nginx/1.21.6

-------------------------------------------------------------------------------

W1019 17:55:45.200191       7 client_config.go:618] Neither --kubeconfig nor --master was specified.  Using the inClusterConfig.  This might not work.
I1019 17:55:45.200328       7 main.go:205] "Creating API client" host="https://10.96.0.1:443"
I1019 17:55:45.206380       7 main.go:249] "Running in Kubernetes cluster" major="1" minor="27" git="v1.27.4" state="clean" commit="fa3d7990104d7c1f16943a67f11b154b71f6a132" platform="linux/amd64"
I1019 17:55:45.339390       7 main.go:101] "SSL fake certificate created" file="/etc/ingress-controller/ssl/default-fake-certificate.pem"
I1019 17:55:45.356497       7 ssl.go:536] "loading tls certificate" path="/usr/local/certificates/cert" key="/usr/local/certificates/key"
I1019 17:55:45.364581       7 nginx.go:260] "Starting NGINX Ingress controller"
I1019 17:55:45.368618       7 event.go:298] Event(v1.ObjectReference{Kind:"ConfigMap", Namespace:"default", Name:"nginx-ingress-ingress-nginx-controller", UID:"193e4c47-b734-4c69-9998-9cfd8de948f7", APIVersion:"v1", ResourceVersion:"524", FieldPath:""}): type: 'Normal' reason: 'CREATE' ConfigMap default/nginx-ingress-ingress-nginx-controller
I1019 17:55:46.566138       7 nginx.go:303] "Starting NGINX process"
I1019 17:55:46.566179       7 leaderelection.go:245] attempting to acquire leader lease default/nginx-ingress-ingress-nginx-leader...
I1019 17:55:46.566455       7 nginx.go:323] "Starting validation webhook" address=":8443" certPath="/usr/local/certificates/cert" keyPath="/usr/local/certificates/key"
I1019 17:55:46.566595       7 controller.go:190] "Configuration changes detected, backend reload required"
I1019 17:55:46.568156       7 status.go:84] "New leader elected" identity="nginx-ingress-ingress-nginx-controller-dd44c68cc-wdhjr"
I1019 17:55:46.617855       7 controller.go:210] "Backend successfully reloaded"
I1019 17:55:46.618037       7 controller.go:221] "Initial sync, sleeping for 1 second"
I1019 17:55:46.618088       7 event.go:298] Event(v1.ObjectReference{Kind:"Pod", Namespace:"default", Name:"nginx-ingress-ingress-nginx-controller-dd44c68cc-v62qm", UID:"fc142891-beb5-4ae3-8992-bb3a1a756613", APIVersion:"v1", ResourceVersion:"8822", FieldPath:""}): type: 'Normal' reason: 'RELOAD' NGINX reload triggered due to a change in configuration
I1019 17:56:20.725388       7 leaderelection.go:255] successfully acquired lease default/nginx-ingress-ingress-nginx-leader
I1019 17:56:20.725464       7 status.go:84] "New leader elected" identity="nginx-ingress-ingress-nginx-controller-dd44c68cc-v62qm"
